# JRE version: Java(TM) SE Runtime Environment (7.0_67-b01) (build 1.7.0_67-b01)
# Java VM: Java HotSpot(TM) Client VM (24.65-b04 mixed mode, sharing windows-x86 )
Heap
 def new generation   total 4928K, used 2028K [0x24c00000, 0x25150000, 0x2a150000)
  eden space 4416K,  39% used [0x24c00000, 0x24db5370, 0x25050000)
  from space 512K,  54% used [0x250d0000, 0x25115e48, 0x25150000)
  to   space 512K,   0% used [0x25050000, 0x25050000, 0x250d0000)
 tenured generation   total 10944K, used 4970K [0x2a150000, 0x2ac00000, 0x34c00000)
   the space 10944K,  45% used [0x2a150000, 0x2a62aba8, 0x2a62ac00, 0x2ac00000)
 compacting perm gen  total 12288K, used 3783K [0x34c00000, 0x35800000, 0x38c00000)
   the space 12288K,  30% used [0x34c00000, 0x34fb1f40, 0x34fb2000, 0x35800000)
    ro space 10240K,  42% used [0x38c00000, 0x39034650, 0x39034800, 0x39600000)
    rw space 12288K,  52% used [0x39600000, 0x39c4be40, 0x39c4c000, 0x3a200000)
GC Heap History (10 events):
Event: 2.480 GC heap before
{Heap before GC invocations=22 (full 0):
 def new generation   total 4928K, used 4437K [0x24c00000, 0x25150000, 0x2a150000)
  eden space 4416K, 100% used [0x24c00000, 0x25050000, 0x25050000)
  from space 512K,   4% used [0x25050000, 0x25055548, 0x250d0000)
  to   space 512K,   0% used [0x250d0000, 0x250d0000, 0x25150000)
 tenured generation   total 10944K, used 4046K [0x2a150000, 0x2ac00000, 0x34c00000)
   the space 10944K,  36% used [0x2a150000, 0x2a543ad8, 0x2a543c00, 0x2ac00000)
 compacting perm gen  total 12288K, used 3619K [0x34c00000, 0x35800000, 0x38c00000)
   the space 12288K,  29% used [0x34c00000, 0x34f88c60, 0x34f88e00, 0x35800000)
    ro space 10240K,  42% used [0x38c00000, 0x39034650, 0x39034800, 0x39600000)
    rw space 12288K,  52% used [0x39600000, 0x39c4be40, 0x39c4c000, 0x3a200000)
Event: 2.482 GC heap after
Heap after GC invocations=23 (full 0):
 def new generation   total 4928K, used 108K [0x24c00000, 0x25150000, 0x2a150000)
  eden space 4416K,   0% used [0x24c00000, 0x24c00000, 0x25050000)
  from space 512K,  21% used [0x250d0000, 0x250eb048, 0x25150000)
  to   space 512K,   0% used [0x25050000, 0x25050000, 0x250d0000)
 tenured generation   total 10944K, used 4046K [0x2a150000, 0x2ac00000, 0x34c00000)
   the space 10944K,  36% used [0x2a150000, 0x2a543ad8, 0x2a543c00, 0x2ac00000)
 compacting perm gen  total 12288K, used 3619K [0x34c00000, 0x35800000, 0x38c00000)
   the space 12288K,  29% used [0x34c00000, 0x34f88c60, 0x34f88e00, 0x35800000)
    ro space 10240K,  42% used [0x38c00000, 0x39034650, 0x39034800, 0x39600000)
    rw space 12288K,  52% used [0x39600000, 0x39c4be40, 0x39c4c000, 0x3a200000)
}
Event: 3.784 GC heap before
{Heap before GC invocations=23 (full 0):
 def new generation   total 4928K, used 4524K [0x24c00000, 0x25150000, 0x2a150000)
  eden space 4416K, 100% used [0x24c00000, 0x25050000, 0x25050000)
  from space 512K,  21% used [0x250d0000, 0x250eb048, 0x25150000)
  to   space 512K,   0% used [0x25050000, 0x25050000, 0x250d0000)
 tenured generation   total 10944K, used 4046K [0x2a150000, 0x2ac00000, 0x34c00000)
   the space 10944K,  36% used [0x2a150000, 0x2a543ad8, 0x2a543c00, 0x2ac00000)
 compacting perm gen  total 12288K, used 3749K [0x34c00000, 0x35800000, 0x38c00000)
   the space 12288K,  30% used [0x34c00000, 0x34fa9730, 0x34fa9800, 0x35800000)
    ro space 10240K,  42% used [0x38c00000, 0x39034650, 0x39034800, 0x39600000)
    rw space 12288K,  52% used [0x39600000, 0x39c4be40, 0x39c4c000, 0x3a200000)
Event: 3.793 GC heap after
Heap after GC invocations=24 (full 0):
 def new generation   total 4928K, used 512K [0x24c00000, 0x25150000, 0x2a150000)
  eden space 4416K,   0% used [0x24c00000, 0x24c00000, 0x25050000)
  from space 512K, 100% used [0x25050000, 0x250d0000, 0x250d0000)
  to   space 512K,   0% used [0x250d0000, 0x250d0000, 0x25150000)
 tenured generation   total 10944K, used 4319K [0x2a150000, 0x2ac00000, 0x34c00000)
   the space 10944K,  39% used [0x2a150000, 0x2a587de0, 0x2a587e00, 0x2ac00000)
 compacting perm gen  total 12288K, used 3749K [0x34c00000, 0x35800000, 0x38c00000)
   the space 12288K,  30% used [0x34c00000, 0x34fa9730, 0x34fa9800, 0x35800000)
    ro space 10240K,  42% used [0x38c00000, 0x39034650, 0x39034800, 0x39600000)
    rw space 12288K,  52% used [0x39600000, 0x39c4be40, 0x39c4c000, 0x3a200000)
}
Event: 9.527 GC heap before
{Heap before GC invocations=24 (full 0):
 def new generation   total 4928K, used 4928K [0x24c00000, 0x25150000, 0x2a150000)
  eden space 4416K, 100% used [0x24c00000, 0x25050000, 0x25050000)
  from space 512K, 100% used [0x25050000, 0x250d0000, 0x250d0000)
  to   space 512K,   0% used [0x250d0000, 0x250d0000, 0x25150000)
 tenured generation   total 10944K, used 4319K [0x2a150000, 0x2ac00000, 0x34c00000)
   the space 10944K,  39% used [0x2a150000, 0x2a587de0, 0x2a587e00, 0x2ac00000)
 compacting perm gen  total 12288K, used 3774K [0x34c00000, 0x35800000, 0x38c00000)
   the space 12288K,  30% used [0x34c00000, 0x34faf918, 0x34fafa00, 0x35800000)
    ro space 10240K,  42% used [0x38c00000, 0x39034650, 0x39034800, 0x39600000)
    rw space 12288K,  52% used [0x39600000, 0x39c4be40, 0x39c4c000, 0x3a200000)
Event: 9.536 GC heap after
Heap after GC invocations=25 (full 0):
 def new generation   total 4928K, used 177K [0x24c00000, 0x25150000, 0x2a150000)
  eden space 4416K,   0% used [0x24c00000, 0x24c00000, 0x25050000)
  from space 512K,  34% used [0x250d0000, 0x250fc518, 0x25150000)
  to   space 512K,   0% used [0x25050000, 0x25050000, 0x250d0000)
 tenured generation   total 10944K, used 4829K [0x2a150000, 0x2ac00000, 0x34c00000)
   the space 10944K,  44% used [0x2a150000, 0x2a6076b0, 0x2a607800, 0x2ac00000)
 compacting perm gen  total 12288K, used 3774K [0x34c00000, 0x35800000, 0x38c00000)
   the space 12288K,  30% used [0x34c00000, 0x34faf918, 0x34fafa00, 0x35800000)
    ro space 10240K,  42% used [0x38c00000, 0x39034650, 0x39034800, 0x39600000)
    rw space 12288K,  52% used [0x39600000, 0x39c4be40, 0x39c4c000, 0x3a200000)
}
Event: 9.570 GC heap before
{Heap before GC invocations=25 (full 0):
 def new generation   total 4928K, used 4593K [0x24c00000, 0x25150000, 0x2a150000)
  eden space 4416K, 100% used [0x24c00000, 0x25050000, 0x25050000)
  from space 512K,  34% used [0x250d0000, 0x250fc518, 0x25150000)
  to   space 512K,   0% used [0x25050000, 0x25050000, 0x250d0000)
 tenured generation   total 10944K, used 4829K [0x2a150000, 0x2ac00000, 0x34c00000)
   the space 10944K,  44% used [0x2a150000, 0x2a6076b0, 0x2a607800, 0x2ac00000)
 compacting perm gen  total 12288K, used 3782K [0x34c00000, 0x35800000, 0x38c00000)
   the space 12288K,  30% used [0x34c00000, 0x34fb1858, 0x34fb1a00, 0x35800000)
    ro space 10240K,  42% used [0x38c00000, 0x39034650, 0x39034800, 0x39600000)
    rw space 12288K,  52% used [0x39600000, 0x39c4be40, 0x39c4c000, 0x3a200000)
Event: 9.573 GC heap after
Heap after GC invocations=26 (full 0):
 def new generation   total 4928K, used 348K [0x24c00000, 0x25150000, 0x2a150000)
  eden space 4416K,   0% used [0x24c00000, 0x24c00000, 0x25050000)
  from space 512K,  68% used [0x25050000, 0x250a71a8, 0x250d0000)
  to   space 512K,   0% used [0x250d0000, 0x250d0000, 0x25150000)
 tenured generation   total 10944K, used 4829K [0x2a150000, 0x2ac00000, 0x34c00000)
   the space 10944K,  44% used [0x2a150000, 0x2a6076b0, 0x2a607800, 0x2ac00000)
 compacting perm gen  total 12288K, used 3782K [0x34c00000, 0x35800000, 0x38c00000)
   the space 12288K,  30% used [0x34c00000, 0x34fb1858, 0x34fb1a00, 0x35800000)
    ro space 10240K,  42% used [0x38c00000, 0x39034650, 0x39034800, 0x39600000)
    rw space 12288K,  52% used [0x39600000, 0x39c4be40, 0x39c4c000, 0x3a200000)
}
Event: 14.228 GC heap before
{Heap before GC invocations=26 (full 0):
 def new generation   total 4928K, used 4764K [0x24c00000, 0x25150000, 0x2a150000)
  eden space 4416K, 100% used [0x24c00000, 0x25050000, 0x25050000)
  from space 512K,  68% used [0x25050000, 0x250a71c0, 0x250d0000)
  to   space 512K,   0% used [0x250d0000, 0x250d0000, 0x25150000)
 tenured generation   total 10944K, used 4829K [0x2a150000, 0x2ac00000, 0x34c00000)
   the space 10944K,  44% used [0x2a150000, 0x2a6076b0, 0x2a607800, 0x2ac00000)
 compacting perm gen  total 12288K, used 3783K [0x34c00000, 0x35800000, 0x38c00000)
   the space 12288K,  30% used [0x34c00000, 0x34fb1f10, 0x34fb2000, 0x35800000)
    ro space 10240K,  42% used [0x38c00000, 0x39034650, 0x39034800, 0x39600000)
    rw space 12288K,  52% used [0x39600000, 0x39c4be40, 0x39c4c000, 0x3a200000)
Event: 14.232 GC heap after
Heap after GC invocations=27 (full 0):
 def new generation   total 4928K, used 279K [0x24c00000, 0x25150000, 0x2a150000)
  eden space 4416K,   0% used [0x24c00000, 0x24c00000, 0x25050000)
  from space 512K,  54% used [0x250d0000, 0x25115e48, 0x25150000)
  to   space 512K,   0% used [0x25050000, 0x25050000, 0x250d0000)
 tenured generation   total 10944K, used 4970K [0x2a150000, 0x2ac00000, 0x34c00000)
   the space 10944K,  45% used [0x2a150000, 0x2a62aba8, 0x2a62ac00, 0x2ac00000)
 compacting perm gen  total 12288K, used 3783K [0x34c00000, 0x35800000, 0x38c00000)
   the space 12288K,  30% used [0x34c00000, 0x34fb1f10, 0x34fb2000, 0x35800000)
    ro space 10240K,  42% used [0x38c00000, 0x39034650, 0x39034800, 0x39600000)
    rw space 12288K,  52% used [0x39600000, 0x39c4be40, 0x39c4c000, 0x3a200000)
}

